### 硬件与网络准备

|   机器    |   硬件    |   os  |   第一电口(管理)    |   第二电口(外部)    |   光口1(业务）    |   光口2（存储）   |   用户    |   密码    |
| :-- | :-- | :-- | :-- | :-- | :-- | :-- | :-- | :-- | :-- |
| Taishan2280 | 1块256hdd+2块4t sdd+512G内存 | centos 7.7 | 10.10.16.55 | 1.1.1.55 | | 172.168.100.55 | root | pcl123123 |
| Taishan2280 | 1块256hdd+2块4t sdd+512G内存 | centos 7.7 | 10.10.16.56 | 1.1.1.56 | | 172.168.100.56 | root | pcl123123 |
| Taishan2280 | 1块256hdd+2块4t sdd+512G内存 | centos 7.7 | 10.10.16.58 | 1.1.1.58 | | 172.168.100.58 | root | pcl123123 |
| Taishan2280 | 1块256hdd+2块4t sdd+512G内存 | centos 7.7 | 10.10.16.59 | 1.1.1.59 | | 172.168.100.59 | root | pcl123123 |
| Taishan2280 | 1块256hdd+2块4t sdd+256G内存 | centos 7.7 | 10.10.16.94 | 1.1.1.94 | | 172.168.100.94 | root | pcl123123 |

### 网络规划

管理网络：enahisic2i0 千兆
外部网络：enahisic2i1 千兆
业务网络：enahisic2i2 万兆
存储网络：enahisic2i3 万兆

### 管理网络

+ 10.10.16.55 controller1
+ 10.10.16.56 controller2
+ 10.10.16.58 controller3
+ 10.10.16.59 compute1
+ 10.10.16.94 compute2

vip 10.10.16.224

### 存储规划

+ 10.10.16.55   mgr、mon osd osd
+ 10.10.16.56   mgr、mon osd osd
+ 10.10.16.58   mgr、mon osd osd
+ 10.10.16.59   osd osd
+ 10.10.16.94   osd osd

### 参考资料

[openstack](https://www.cnblogs.com/netonline/tag/openstack/)

[Install-guide](https://docs.openstack.org/install-guide/)

[OpenStack High Availability Guide](https://docs.openstack.org/ha-guide/index.html)

[理解Pacemaker](http://www.cnblogs.com/sammyliu/p/5025362.html)

[Ceph](http://docs.ceph.com/docs/master/start/intro/)
