管理网络：eth0 千兆
外部网络：eth1 千兆
业务网络：eth2 万兆
存储网络：eth3 万兆

|   机器    |   硬件    |   os  |   第一电口(已配置)    |   第二电口    |   光口1(业务）    |   光口2（存储）   |   用户    |   密码    |
| :-- | :-- | :-- | :-- | :-- | :-- | :-- | :-- | :-- | :-- |
| Taishan2280 | 1块256hdd+2块4t sdd+512G内存 | centos 7.7 | 10.10.16.55 | 1.1.1.55 | | 172.168.100.55 | root | pcl123123 |
| Taishan2280 | 1块256hdd+2块4t sdd+512G内存 | centos 7.7 | 10.10.16.56 | 1.1.1.56 | | 172.168.100.56 | root | pcl123123 |
| Taishan2280 | 1块256hdd+2块4t sdd+512G内存 | centos 7.7 | 10.10.16.58 | 1.1.1.58 | | 172.168.100.58 | root | pcl123123 |
| Taishan2280 | 1块256hdd+2块4t sdd+512G内存 | centos 7.7 | 10.10.16.59 | 1.1.1.59 | | 172.168.100.59 | root | pcl123123 |
| Taishan2280 | 1块256hdd+2块4t sdd+256G内存 | centos 7.7 | 10.10.16.94 | 1.1.1.94 | | 172.168.100.94 | root | pcl123123 |

+ 10.10.16.55 controller1
+ 10.10.16.56 controller2
+ 10.10.16.58 controller3
+ 10.10.16.59 compute1
+ 10.10.16.94 compute2

vip 10.10.16.224

存储规划

+ 10.10.16.55 controller1 ceph-admin  mgr、mon osd osd
+ 10.10.16.56 controller2 ceph-node1  mgr、mon osd osd
+ 10.10.16.58 controller3 ceph-node2  mgr、mon osd osd
+ 10.10.16.59 compute     ceph-node3  osd osd
+ 10.10.16.94 compute2    ceph-node4  osd osd
